[2018-11-12 14:11:59] laravel.EMERGENCY: Unable to create configured logger. Using emergency logger. {"exception":"[object] (InvalidArgumentException(code: 0): Log [] is not defined. at /Users/zak/Code/Valet/pluginchest/vendor/laravel/framework/src/Illuminate/Log/LogManager.php:167)
[stacktrace]
#0 /Users/zak/Code/Valet/pluginchest/vendor/laravel/framework/src/Illuminate/Log/LogManager.php(101): Illuminate\\Log\\LogManager->resolve(NULL)
#1 /Users/zak/Code/Valet/pluginchest/vendor/laravel/framework/src/Illuminate/Log/LogManager.php(89): Illuminate\\Log\\LogManager->get(NULL)
#2 /Users/zak/Code/Valet/pluginchest/vendor/laravel/framework/src/Illuminate/Log/LogManager.php(490): Illuminate\\Log\\LogManager->driver()
#3 /Users/zak/Code/Valet/pluginchest/vendor/laravel/framework/src/Illuminate/Foundation/Exceptions/Handler.php(114): Illuminate\\Log\\LogManager->error('The \"\" director...', Array)
#4 /Users/zak/Code/Valet/pluginchest/app/Exceptions/Handler.php(39): Illuminate\\Foundation\\Exceptions\\Handler->report(Object(InvalidArgumentException))
#5 /Users/zak/Code/Valet/pluginchest/vendor/laravel/framework/src/Illuminate/Foundation/Console/Kernel.php(353): App\\Exceptions\\Handler->report(Object(InvalidArgumentException))
#6 /Users/zak/Code/Valet/pluginchest/vendor/laravel/framework/src/Illuminate/Foundation/Console/Kernel.php(124): Illuminate\\Foundation\\Console\\Kernel->reportException(Object(InvalidArgumentException))
#7 /Users/zak/Code/Valet/pluginchest/artisan(37): Illuminate\\Foundation\\Console\\Kernel->handle(Object(Symfony\\Component\\Console\\Input\\ArgvInput), Object(Symfony\\Component\\Console\\Output\\ConsoleOutput))
#8 {main}
"} 
[2018-11-12 14:11:59] laravel.ERROR: The "" directory does not exist. {"exception":"[object] (InvalidArgumentException(code: 0): The \"\" directory does not exist. at /Users/zak/Code/Valet/pluginchest/vendor/symfony/finder/Finder.php:547)
[stacktrace]
#0 /Users/zak/Code/Valet/pluginchest/vendor/laravel/framework/src/Illuminate/Foundation/Bootstrap/LoadConfiguration.php(88): Symfony\\Component\\Finder\\Finder->in(false)
#1 /Users/zak/Code/Valet/pluginchest/vendor/laravel/framework/src/Illuminate/Foundation/Bootstrap/LoadConfiguration.php(65): Illuminate\\Foundation\\Bootstrap\\LoadConfiguration->getConfigurationFiles(Object(Illuminate\\Foundation\\Application))
#2 /Users/zak/Code/Valet/pluginchest/vendor/laravel/framework/src/Illuminate/Foundation/Bootstrap/LoadConfiguration.php(39): Illuminate\\Foundation\\Bootstrap\\LoadConfiguration->loadConfigurationFiles(Object(Illuminate\\Foundation\\Application), Object(Illuminate\\Config\\Repository))
#3 /Users/zak/Code/Valet/pluginchest/vendor/laravel/framework/src/Illuminate/Foundation/Application.php(206): Illuminate\\Foundation\\Bootstrap\\LoadConfiguration->bootstrap(Object(Illuminate\\Foundation\\Application))
#4 /Users/zak/Code/Valet/pluginchest/vendor/laravel/framework/src/Illuminate/Foundation/Console/Kernel.php(297): Illuminate\\Foundation\\Application->bootstrapWith(Array)
#5 /Users/zak/Code/Valet/pluginchest/vendor/laravel/framework/src/Illuminate/Foundation/Console/Kernel.php(120): Illuminate\\Foundation\\Console\\Kernel->bootstrap()
#6 /Users/zak/Code/Valet/pluginchest/artisan(37): Illuminate\\Foundation\\Console\\Kernel->handle(Object(Symfony\\Component\\Console\\Input\\ArgvInput), Object(Symfony\\Component\\Console\\Output\\ConsoleOutput))
#7 {main}
"} 
[2018-11-12 14:12:36] laravel.EMERGENCY: Unable to create configured logger. Using emergency logger. {"exception":"[object] (InvalidArgumentException(code: 0): Log [] is not defined. at /Users/zak/Code/Valet/pluginchest/vendor/laravel/framework/src/Illuminate/Log/LogManager.php:167)
[stacktrace]
#0 /Users/zak/Code/Valet/pluginchest/vendor/laravel/framework/src/Illuminate/Log/LogManager.php(101): Illuminate\\Log\\LogManager->resolve(NULL)
#1 /Users/zak/Code/Valet/pluginchest/vendor/laravel/framework/src/Illuminate/Log/LogManager.php(89): Illuminate\\Log\\LogManager->get(NULL)
#2 /Users/zak/Code/Valet/pluginchest/vendor/laravel/framework/src/Illuminate/Log/LogManager.php(490): Illuminate\\Log\\LogManager->driver()
#3 /Users/zak/Code/Valet/pluginchest/vendor/laravel/framework/src/Illuminate/Foundation/Exceptions/Handler.php(114): Illuminate\\Log\\LogManager->error('The \"\" director...', Array)
#4 /Users/zak/Code/Valet/pluginchest/app/Exceptions/Handler.php(39): Illuminate\\Foundation\\Exceptions\\Handler->report(Object(InvalidArgumentException))
#5 /Users/zak/Code/Valet/pluginchest/vendor/laravel/framework/src/Illuminate/Foundation/Console/Kernel.php(353): App\\Exceptions\\Handler->report(Object(InvalidArgumentException))
#6 /Users/zak/Code/Valet/pluginchest/vendor/laravel/framework/src/Illuminate/Foundation/Console/Kernel.php(124): Illuminate\\Foundation\\Console\\Kernel->reportException(Object(InvalidArgumentException))
#7 /Users/zak/Code/Valet/pluginchest/artisan(37): Illuminate\\Foundation\\Console\\Kernel->handle(Object(Symfony\\Component\\Console\\Input\\ArgvInput), Object(Symfony\\Component\\Console\\Output\\ConsoleOutput))
#8 {main}
"} 
[2018-11-12 14:12:36] laravel.ERROR: The "" directory does not exist. {"exception":"[object] (InvalidArgumentException(code: 0): The \"\" directory does not exist. at /Users/zak/Code/Valet/pluginchest/vendor/symfony/finder/Finder.php:547)
[stacktrace]
#0 /Users/zak/Code/Valet/pluginchest/vendor/laravel/framework/src/Illuminate/Foundation/Bootstrap/LoadConfiguration.php(88): Symfony\\Component\\Finder\\Finder->in(false)
#1 /Users/zak/Code/Valet/pluginchest/vendor/laravel/framework/src/Illuminate/Foundation/Bootstrap/LoadConfiguration.php(65): Illuminate\\Foundation\\Bootstrap\\LoadConfiguration->getConfigurationFiles(Object(Illuminate\\Foundation\\Application))
#2 /Users/zak/Code/Valet/pluginchest/vendor/laravel/framework/src/Illuminate/Foundation/Bootstrap/LoadConfiguration.php(39): Illuminate\\Foundation\\Bootstrap\\LoadConfiguration->loadConfigurationFiles(Object(Illuminate\\Foundation\\Application), Object(Illuminate\\Config\\Repository))
#3 /Users/zak/Code/Valet/pluginchest/vendor/laravel/framework/src/Illuminate/Foundation/Application.php(206): Illuminate\\Foundation\\Bootstrap\\LoadConfiguration->bootstrap(Object(Illuminate\\Foundation\\Application))
#4 /Users/zak/Code/Valet/pluginchest/vendor/laravel/framework/src/Illuminate/Foundation/Console/Kernel.php(297): Illuminate\\Foundation\\Application->bootstrapWith(Array)
#5 /Users/zak/Code/Valet/pluginchest/vendor/laravel/framework/src/Illuminate/Foundation/Console/Kernel.php(120): Illuminate\\Foundation\\Console\\Kernel->bootstrap()
#6 /Users/zak/Code/Valet/pluginchest/artisan(37): Illuminate\\Foundation\\Console\\Kernel->handle(Object(Symfony\\Component\\Console\\Input\\ArgvInput), Object(Symfony\\Component\\Console\\Output\\ConsoleOutput))
#7 {main}
"} 
